{"numFailedTestSuites":0,"numFailedTests":0,"numPassedTestSuites":1,"numPassedTests":3,"numPendingTestSuites":0,"numPendingTests":0,"numRuntimeErrorTestSuites":0,"numTotalTestSuites":1,"numTotalTests":3,"openHandles":[],"snapshot":{"added":0,"didUpdate":false,"failure":false,"filesAdded":0,"filesRemoved":0,"filesUnmatched":0,"filesUpdated":0,"matched":3,"total":3,"unchecked":0,"uncheckedKeysByFile":[],"unmatched":0,"updated":0},"startTime":1541273807229,"success":true,"testResults":[{"assertionResults":[{"ancestorTitles":["Storyshots","articles"],"failureMessages":[],"fullName":"Storyshots articles Authors","location":null,"status":"passed","title":"Authors"},{"ancestorTitles":["Storyshots","navigation"],"failureMessages":[],"fullName":"Storyshots navigation SidebarNavButton","location":null,"status":"passed","title":"SidebarNavButton"},{"ancestorTitles":["Storyshots","user"],"failureMessages":[],"fullName":"Storyshots user Bio","location":null,"status":"passed","title":"Bio"}],"endTime":1541273810113,"message":"","name":"/home/ecsmyth/Development/gunrock/src/__tests__/storyshots.test.js","startTime":1541273807673,"status":"passed","summary":""}],"wasInterrupted":false}